<?xml version="1.0" encoding="UTF-8"?>
<!-- Generated by org.testng.reporters.JUnitXMLReporter -->
<testsuite ignored="0" hostname="DESKTOP-K7698RM" failures="0" tests="3" name="Default test" time="99.636" errors="0" timestamp="2023-01-28T14:23:28 IST">
  <testcase classname="pratice.dataprovider_practice" name="loginon_standard" time="53.724"/>
  <testcase classname="pratice.dataprovider_practice" name="loginon_standard" time="12.085"/>
  <testcase classname="pratice.dataprovider_practice" name="loginon_standard" time="30.767"/>
</testsuite> <!-- Default test -->
