<?xml version="1.0" encoding="UTF-8"?>
<testng-results ignored="0" total="3" passed="3" failed="0" skipped="0">
  <reporter-output>
  </reporter-output>
  <suite started-at="2023-01-28T14:21:49 IST" name="Default suite" finished-at="2023-01-28T14:23:28 IST" duration-ms="99636">
    <groups>
    </groups>
    <test started-at="2023-01-28T14:21:49 IST" name="Default test" finished-at="2023-01-28T14:23:28 IST" duration-ms="99636">
      <class name="pratice.dataprovider_practice">
        <test-method is-config="true" signature="launchbrower()[pri:0, instance:pratice.dataprovider_practice@9816741]" started-at="2023-01-28T14:21:49 IST" name="launchbrower" finished-at="2023-01-28T14:21:52 IST" duration-ms="2979" status="PASS">
          <reporter-output>
          </reporter-output>
        </test-method> <!-- launchbrower -->
        <test-method signature="loginon_standard(java.lang.String,java.lang.String,java.lang.String)[pri:0, instance:pratice.dataprovider_practice@9816741]" started-at="2023-01-28T14:21:52 IST" name="loginon_standard" data-provider="passdata" finished-at="2023-01-28T14:22:45 IST" duration-ms="53724" status="PASS">
          <params>
            <param index="0">
              <value>
                <![CDATA[ESCTEST2]]>
              </value>
            </param>
            <param index="1">
              <value>
                <![CDATA[Base@123]]>
              </value>
            </param>
            <param index="2">
              <value>
                <![CDATA[Passs]]>
              </value>
            </param>
          </params>
          <reporter-output>
          </reporter-output>
        </test-method> <!-- loginon_standard -->
        <test-method signature="loginon_standard(java.lang.String,java.lang.String,java.lang.String)[pri:0, instance:pratice.dataprovider_practice@9816741]" started-at="2023-01-28T14:22:45 IST" name="loginon_standard" data-provider="passdata" finished-at="2023-01-28T14:22:57 IST" duration-ms="12085" status="PASS">
          <params>
            <param index="0">
              <value>
                <![CDATA[VRS01]]>
              </value>
            </param>
            <param index="1">
              <value>
                <![CDATA[avg]]>
              </value>
            </param>
            <param index="2">
              <value>
                <![CDATA[Fail]]>
              </value>
            </param>
          </params>
          <reporter-output>
          </reporter-output>
        </test-method> <!-- loginon_standard -->
        <test-method signature="loginon_standard(java.lang.String,java.lang.String,java.lang.String)[pri:0, instance:pratice.dataprovider_practice@9816741]" started-at="2023-01-28T14:22:57 IST" name="loginon_standard" data-provider="passdata" finished-at="2023-01-28T14:23:28 IST" duration-ms="30767" status="PASS">
          <params>
            <param index="0">
              <value>
                <![CDATA[62851]]>
              </value>
            </param>
            <param index="1">
              <value>
                <![CDATA[Test@4321]]>
              </value>
            </param>
            <param index="2">
              <value>
                <![CDATA[Passs]]>
              </value>
            </param>
          </params>
          <reporter-output>
          </reporter-output>
        </test-method> <!-- loginon_standard -->
      </class> <!-- pratice.dataprovider_practice -->
    </test> <!-- Default test -->
  </suite> <!-- Default suite -->
</testng-results>
